Сборка начата 23.07.2018 20:40:09.
     1>Проект "D:\MyGames\CrazyTank3\CrazyTank3\EventQueue.vcxproj" в узле 2 (целевые объекты Build).
     1>ClCompile:
         C:\Program Files (x86)\Microsoft Visual Studio 12.0\VC\bin\CL.exe /c /I"C:\Program Files (x86)\Visual Leak Detector\include" /ZI /nologo /W3 /WX- /sdl /Od /Oy- /D WIN32 /D _DEBUG /D _CONSOLE /D _LIB /D _UNICODE /D UNICODE /Gm /EHsc /RTC1 /MDd /GS /fp:precise /Zc:wchar_t /Zc:forScope /Fo"Debug\\" /Fd"Debug\vc120.pdb" /FR"Debug\\" /Gd /TP /analyze- /errorReport:prompt ConsoleView.cpp DynamicEntity.cpp EntityStore.cpp Game.cpp GameController.cpp GameEntity.cpp GameRunnigState.cpp GameState.cpp GameTimer.cpp GraficsBuffer.cpp MainMenuState.cpp Point.cpp RandomEngine.cpp Tank.cpp main.cpp
         Tank.cpp
         RandomEngine.cpp
         Point.cpp
         GraficsBuffer.cpp
         GameTimer.cpp
         GameState.cpp
         GameEntity.cpp
         GameController.cpp
         DynamicEntity.cpp
         Создание кода...
         Пропуск... (изменения не обнаружены)
         main.cpp
         MainMenuState.cpp
         GameRunnigState.cpp
         Game.cpp
         EntityStore.cpp
         ConsoleView.cpp
       Link:
         C:\Program Files (x86)\Microsoft Visual Studio 12.0\VC\bin\link.exe /ERRORREPORT:PROMPT /OUT:"D:\MyGames\CrazyTank3\CrazyTank3\Debug\EventQueue.exe" /INCREMENTAL /NOLOGO /LIBPATH:"C:\Program Files (x86)\Visual Leak Detector\lib\Win32" kernel32.lib user32.lib gdi32.lib winspool.lib comdlg32.lib advapi32.lib shell32.lib ole32.lib oleaut32.lib uuid.lib odbc32.lib odbccp32.lib /MANIFEST /MANIFESTUAC:"level='asInvoker' uiAccess='false'" /manifest:embed /DEBUG /PDB:"D:\MyGames\CrazyTank3\CrazyTank3\Debug\EventQueue.pdb" /SUBSYSTEM:CONSOLE /TLBID:1 /DYNAMICBASE /NXCOMPAT /IMPLIB:"D:\MyGames\CrazyTank3\CrazyTank3\Debug\EventQueue.lib" /MACHINE:X86 Debug\ConsoleConstants.obj
         Debug\DynamicEntity.obj
         Debug\EntityStore.obj
         Debug\GameEntity.obj
         Debug\GameplayConstans.obj
         Debug\GameRunnigState.obj
         Debug\GameTimer.obj
         Debug\GraficsBuffer.obj
         Debug\ConsoleView.obj
         Debug\Game.obj
         Debug\GameController.obj
         Debug\GameEvent.obj
         Debug\EventObserver.obj
         Debug\EventQueue.obj
         Debug\GameState.obj
         Debug\Input.obj
         Debug\main.obj
         Debug\MainMenuState.obj
         Debug\Observable.obj
         Debug\Point.obj
         Debug\RandomEngine.obj
         Debug\Rect.obj
         Debug\Tank.obj
         EventQueue.vcxproj -> D:\MyGames\CrazyTank3\CrazyTank3\Debug\EventQueue.exe
       BscMake:
         C:\Program Files (x86)\Microsoft Visual Studio 12.0\VC\bin\bscmake.exe /nologo /o"D:\MyGames\CrazyTank3\CrazyTank3\Debug\EventQueue.bsc" /n Debug\ConsoleConstants.sbr Debug\DynamicEntity.sbr Debug\EntityStore.sbr Debug\GameEntity.sbr Debug\GameplayConstans.sbr Debug\GameRunnigState.sbr Debug\GameTimer.sbr Debug\GraficsBuffer.sbr Debug\ConsoleView.sbr Debug\Game.sbr Debug\GameController.sbr Debug\GameEvent.sbr Debug\EventObserver.sbr Debug\EventQueue.sbr Debug\GameState.sbr Debug\Input.sbr Debug\main.sbr Debug\MainMenuState.sbr Debug\Observable.sbr Debug\Point.sbr Debug\RandomEngine.sbr Debug\Rect.sbr Debug\Tank.sbr
     1>Сборка проекта "D:\MyGames\CrazyTank3\CrazyTank3\EventQueue.vcxproj" завершена (целевые объекты Build).

Сборка успешно завершена.

Затраченное время: 00:00:09.71
