d:\mygames\crazytank3\crazytank3\debug\eventqueue.bsc
d:\mygames\crazytank3\crazytank3\debug\vc120.pdb
d:\mygames\crazytank3\crazytank3\debug\vc120.idb
d:\mygames\crazytank3\crazytank3\debug\observable.sbr
d:\mygames\crazytank3\crazytank3\debug\main.sbr
d:\mygames\crazytank3\crazytank3\debug\eventqueue.sbr
d:\mygames\crazytank3\crazytank3\debug\eventobserver.sbr
d:\mygames\crazytank3\crazytank3\debug\event.sbr
d:\mygames\crazytank3\crazytank3\debug\event.obj
d:\mygames\crazytank3\crazytank3\debug\eventobserver.obj
d:\mygames\crazytank3\crazytank3\debug\eventqueue.obj
d:\mygames\crazytank3\crazytank3\debug\main.obj
d:\mygames\crazytank3\crazytank3\debug\observable.obj
d:\mygames\crazytank3\crazytank3\debug\test.sbr
d:\mygames\crazytank3\crazytank3\debug\test.obj
d:\mygames\crazytank3\crazytank3\debug\test2.sbr
d:\mygames\crazytank3\crazytank3\debug\test2.obj
d:\mygames\crazytank3\crazytank3\debug\gameevent.sbr
d:\mygames\crazytank3\crazytank3\debug\gameevent.obj
d:\mygames\crazytank3\crazytank3\debug\gamecontroller.sbr
d:\mygames\crazytank3\crazytank3\debug\gamecontroller.obj
d:\mygames\crazytank3\crazytank3\debug\input.sbr
d:\mygames\crazytank3\crazytank3\debug\input.obj
d:\mygames\crazytank3\crazytank3\debug\game.sbr
d:\mygames\crazytank3\crazytank3\debug\game.obj
d:\mygames\crazytank3\crazytank3\debug\gamestate.sbr
d:\mygames\crazytank3\crazytank3\debug\gamestate.obj
d:\mygames\crazytank3\crazytank3\debug\mainmenustate.sbr
d:\mygames\crazytank3\crazytank3\debug\mainmenustate.obj
d:\mygames\crazytank3\crazytank3\debug\consoleview.sbr
d:\mygames\crazytank3\crazytank3\debug\consoleview.obj
d:\mygames\crazytank3\crazytank3\debug\gamescene.sbr
d:\mygames\crazytank3\crazytank3\debug\gamescene.obj
d:\mygames\crazytank3\crazytank3\debug\pausestate.sbr
d:\mygames\crazytank3\crazytank3\debug\pausestate.obj
d:\mygames\crazytank3\crazytank3\debug\graficsbuffer.sbr
d:\mygames\crazytank3\crazytank3\debug\graficsbuffer.obj
d:\mygames\crazytank3\crazytank3\debug\gamestatemanager.sbr
d:\mygames\crazytank3\crazytank3\debug\gamestatemanager.obj
d:\mygames\crazytank3\crazytank3\debug\point.sbr
d:\mygames\crazytank3\crazytank3\debug\point.obj
d:\mygames\crazytank3\crazytank3\debug\eventqueue.pdb
d:\mygames\crazytank3\crazytank3\debug\eventqueue.tlog\bscmake.command.1.tlog
d:\mygames\crazytank3\crazytank3\debug\eventqueue.tlog\bscmake.read.1.tlog
d:\mygames\crazytank3\crazytank3\debug\eventqueue.tlog\bscmake.write.1.tlog
d:\mygames\crazytank3\crazytank3\debug\eventqueue.tlog\cl.command.1.tlog
d:\mygames\crazytank3\crazytank3\debug\eventqueue.tlog\cl.read.1.tlog
d:\mygames\crazytank3\crazytank3\debug\eventqueue.tlog\cl.write.1.tlog
d:\mygames\crazytank3\crazytank3\debug\eventqueue.tlog\link-cvtres.read.1.tlog
d:\mygames\crazytank3\crazytank3\debug\eventqueue.tlog\link-cvtres.write.1.tlog
d:\mygames\crazytank3\crazytank3\debug\eventqueue.tlog\link-rc.read.1.tlog
d:\mygames\crazytank3\crazytank3\debug\eventqueue.tlog\link-rc.write.1.tlog
d:\mygames\crazytank3\crazytank3\debug\eventqueue.tlog\link.command.1.tlog
d:\mygames\crazytank3\crazytank3\debug\eventqueue.tlog\link.read.1.tlog
d:\mygames\crazytank3\crazytank3\debug\eventqueue.tlog\link.write.1.tlog
